2026-05-26 21:23:59 - app - INFO - [logging_config.py:109] - ==================================================
2026-05-26 21:23:59 - app - INFO - [logging_config.py:110] - Logging configured successfully
2026-05-26 21:23:59 - app - INFO - [logging_config.py:111] - Logs directory: /home/alex/Moringa/Project/flex-It/backend/logs
2026-05-26 21:23:59 - app - INFO - [logging_config.py:112] - ==================================================
2026-05-26 21:24:02 - app - INFO - [logging_config.py:109] - ==================================================
2026-05-26 21:24:02 - app - INFO - [logging_config.py:110] - Logging configured successfully
2026-05-26 21:24:02 - app - INFO - [logging_config.py:111] - Logs directory: /home/alex/Moringa/Project/flex-It/backend/logs
2026-05-26 21:24:02 - app - INFO - [logging_config.py:112] - ==================================================
2026-05-26 21:24:02 - werkzeug - WARNING - [_internal.py:97] -  * Debugger is active!
2026-05-26 21:52:27 - flask_wtf.csrf - INFO - [csrf.py:263] - The CSRF token is missing.
2026-05-26 21:53:24 - app - INFO - [logging_config.py:109] - ==================================================
2026-05-26 21:53:24 - app - INFO - [logging_config.py:110] - Logging configured successfully
2026-05-26 21:53:24 - app - INFO - [logging_config.py:111] - Logs directory: /home/alex/Moringa/Project/flex-It/backend/logs
2026-05-26 21:53:24 - app - INFO - [logging_config.py:112] - ==================================================
2026-05-26 21:53:26 - werkzeug - WARNING - [_internal.py:97] -  * Debugger is active!
2026-05-26 21:53:32 - app - INFO - [logging_config.py:109] - ==================================================
2026-05-26 21:53:32 - app - INFO - [logging_config.py:110] - Logging configured successfully
2026-05-26 21:53:32 - app - INFO - [logging_config.py:111] - Logs directory: /home/alex/Moringa/Project/flex-It/backend/logs
2026-05-26 21:53:32 - app - INFO - [logging_config.py:112] - ==================================================
2026-05-26 21:53:33 - werkzeug - WARNING - [_internal.py:97] -  * Debugger is active!
2026-05-26 21:54:14 - app - INFO - [logging_config.py:109] - ==================================================
2026-05-26 21:54:14 - app - INFO - [logging_config.py:110] - Logging configured successfully
2026-05-26 21:54:14 - app - INFO - [logging_config.py:111] - Logs directory: /home/alex/Moringa/Project/flex-It/backend/logs
2026-05-26 21:54:14 - app - INFO - [logging_config.py:112] - ==================================================
2026-05-26 21:54:16 - app - INFO - [logging_config.py:109] - ==================================================
2026-05-26 21:54:16 - app - INFO - [logging_config.py:110] - Logging configured successfully
2026-05-26 21:54:16 - app - INFO - [logging_config.py:111] - Logs directory: /home/alex/Moringa/Project/flex-It/backend/logs
2026-05-26 21:54:16 - app - INFO - [logging_config.py:112] - ==================================================
2026-05-26 21:54:16 - werkzeug - WARNING - [_internal.py:97] -  * Debugger is active!
2026-05-26 22:08:11 - app - INFO - [logging_config.py:109] - ==================================================
2026-05-26 22:08:11 - app - INFO - [logging_config.py:110] - Logging configured successfully
2026-05-26 22:08:11 - app - INFO - [logging_config.py:111] - Logs directory: /home/alex/Moringa/Project/flex-It/backend/logs
2026-05-26 22:08:11 - app - INFO - [logging_config.py:112] - ==================================================
2026-05-26 22:08:14 - app - INFO - [logging_config.py:109] - ==================================================
2026-05-26 22:08:14 - app - INFO - [logging_config.py:110] - Logging configured successfully
2026-05-26 22:08:14 - app - INFO - [logging_config.py:111] - Logs directory: /home/alex/Moringa/Project/flex-It/backend/logs
2026-05-26 22:08:14 - app - INFO - [logging_config.py:112] - ==================================================
2026-05-26 22:08:15 - werkzeug - WARNING - [_internal.py:97] -  * Debugger is active!
2026-05-26 22:55:59 - app - INFO - [logging_config.py:109] - ==================================================
2026-05-26 22:55:59 - app - INFO - [logging_config.py:110] - Logging configured successfully
2026-05-26 22:55:59 - app - INFO - [logging_config.py:111] - Logs directory: /home/alex/Moringa/Project/flex-It/backend/logs
2026-05-26 22:55:59 - app - INFO - [logging_config.py:112] - ==================================================
2026-05-26 22:56:00 - werkzeug - WARNING - [_internal.py:97] -  * Debugger is active!
2026-05-26 22:58:41 - app - INFO - [logging_config.py:109] - ==================================================
2026-05-26 22:58:41 - app - INFO - [logging_config.py:110] - Logging configured successfully
2026-05-26 22:58:41 - app - INFO - [logging_config.py:111] - Logs directory: /home/alex/Moringa/Project/flex-It/backend/logs
2026-05-26 22:58:41 - app - INFO - [logging_config.py:112] - ==================================================
2026-05-26 23:05:09 - app - INFO - [logging_config.py:109] - ==================================================
2026-05-26 23:05:09 - app - INFO - [logging_config.py:110] - Logging configured successfully
2026-05-26 23:05:09 - app - INFO - [logging_config.py:111] - Logs directory: /home/alex/Moringa/Project/flex-It/backend/logs
2026-05-26 23:05:09 - app - INFO - [logging_config.py:112] - ==================================================
2026-05-26 23:05:11 - werkzeug - WARNING - [_internal.py:97] -  * Debugger is active!
2026-05-26 23:56:04 - app - INFO - [logging_config.py:109] - ==================================================
2026-05-26 23:56:04 - app - INFO - [logging_config.py:110] - Logging configured successfully
2026-05-26 23:56:04 - app - INFO - [logging_config.py:111] - Logs directory: /home/alex/Moringa/Project/flex-It/backend/logs
2026-05-26 23:56:04 - app - INFO - [logging_config.py:112] - ==================================================
2026-05-26 23:56:06 - werkzeug - WARNING - [_internal.py:97] -  * Debugger is active!
2026-05-26 23:56:11 - app - INFO - [logging_config.py:109] - ==================================================
2026-05-26 23:56:11 - app - INFO - [logging_config.py:110] - Logging configured successfully
2026-05-26 23:56:11 - app - INFO - [logging_config.py:111] - Logs directory: /home/alex/Moringa/Project/flex-It/backend/logs
2026-05-26 23:56:11 - app - INFO - [logging_config.py:112] - ==================================================
2026-05-26 23:56:12 - werkzeug - WARNING - [_internal.py:97] -  * Debugger is active!
2026-05-26 23:56:17 - app - INFO - [logging_config.py:109] - ==================================================
2026-05-26 23:56:17 - app - INFO - [logging_config.py:110] - Logging configured successfully
2026-05-26 23:56:17 - app - INFO - [logging_config.py:111] - Logs directory: /home/alex/Moringa/Project/flex-It/backend/logs
2026-05-26 23:56:17 - app - INFO - [logging_config.py:112] - ==================================================
2026-05-26 23:56:18 - werkzeug - WARNING - [_internal.py:97] -  * Debugger is active!
2026-05-26 23:56:21 - app - INFO - [logging_config.py:109] - ==================================================
2026-05-26 23:56:21 - app - INFO - [logging_config.py:110] - Logging configured successfully
2026-05-26 23:56:21 - app - INFO - [logging_config.py:111] - Logs directory: /home/alex/Moringa/Project/flex-It/backend/logs
2026-05-26 23:56:21 - app - INFO - [logging_config.py:112] - ==================================================
2026-05-26 23:56:22 - werkzeug - WARNING - [_internal.py:97] -  * Debugger is active!
2026-05-26 23:56:26 - app - INFO - [logging_config.py:109] - ==================================================
2026-05-26 23:56:26 - app - INFO - [logging_config.py:110] - Logging configured successfully
2026-05-26 23:56:26 - app - INFO - [logging_config.py:111] - Logs directory: /home/alex/Moringa/Project/flex-It/backend/logs
2026-05-26 23:56:26 - app - INFO - [logging_config.py:112] - ==================================================
2026-05-26 23:56:26 - werkzeug - WARNING - [_internal.py:97] -  * Debugger is active!
2026-05-26 23:56:37 - app - INFO - [logging_config.py:109] - ==================================================
2026-05-26 23:56:37 - app - INFO - [logging_config.py:110] - Logging configured successfully
2026-05-26 23:56:37 - app - INFO - [logging_config.py:111] - Logs directory: /home/alex/Moringa/Project/flex-It/backend/logs
2026-05-26 23:56:37 - app - INFO - [logging_config.py:112] - ==================================================
2026-05-26 23:56:38 - werkzeug - WARNING - [_internal.py:97] -  * Debugger is active!
2026-05-26 23:56:45 - app - INFO - [logging_config.py:109] - ==================================================
2026-05-26 23:56:45 - app - INFO - [logging_config.py:110] - Logging configured successfully
2026-05-26 23:56:45 - app - INFO - [logging_config.py:111] - Logs directory: /home/alex/Moringa/Project/flex-It/backend/logs
2026-05-26 23:56:45 - app - INFO - [logging_config.py:112] - ==================================================
2026-05-26 23:56:46 - werkzeug - WARNING - [_internal.py:97] -  * Debugger is active!
2026-05-26 23:56:51 - app - INFO - [logging_config.py:109] - ==================================================
2026-05-26 23:56:51 - app - INFO - [logging_config.py:110] - Logging configured successfully
2026-05-26 23:56:51 - app - INFO - [logging_config.py:111] - Logs directory: /home/alex/Moringa/Project/flex-It/backend/logs
2026-05-26 23:56:51 - app - INFO - [logging_config.py:112] - ==================================================
2026-05-26 23:56:52 - werkzeug - WARNING - [_internal.py:97] -  * Debugger is active!
2026-05-26 23:56:55 - app - INFO - [logging_config.py:109] - ==================================================
2026-05-26 23:56:55 - app - INFO - [logging_config.py:110] - Logging configured successfully
2026-05-26 23:56:55 - app - INFO - [logging_config.py:111] - Logs directory: /home/alex/Moringa/Project/flex-It/backend/logs
2026-05-26 23:56:55 - app - INFO - [logging_config.py:112] - ==================================================
2026-05-26 23:56:55 - werkzeug - WARNING - [_internal.py:97] -  * Debugger is active!
2026-05-26 23:57:00 - app - INFO - [logging_config.py:109] - ==================================================
2026-05-26 23:57:00 - app - INFO - [logging_config.py:110] - Logging configured successfully
2026-05-26 23:57:00 - app - INFO - [logging_config.py:111] - Logs directory: /home/alex/Moringa/Project/flex-It/backend/logs
2026-05-26 23:57:00 - app - INFO - [logging_config.py:112] - ==================================================
2026-05-26 23:57:01 - werkzeug - WARNING - [_internal.py:97] -  * Debugger is active!
2026-05-26 23:57:06 - app - INFO - [logging_config.py:109] - ==================================================
2026-05-26 23:57:06 - app - INFO - [logging_config.py:110] - Logging configured successfully
2026-05-26 23:57:06 - app - INFO - [logging_config.py:111] - Logs directory: /home/alex/Moringa/Project/flex-It/backend/logs
2026-05-26 23:57:06 - app - INFO - [logging_config.py:112] - ==================================================
2026-05-26 23:57:06 - werkzeug - WARNING - [_internal.py:97] -  * Debugger is active!
2026-05-26 23:57:13 - app - INFO - [logging_config.py:109] - ==================================================
2026-05-26 23:57:13 - app - INFO - [logging_config.py:110] - Logging configured successfully
2026-05-26 23:57:13 - app - INFO - [logging_config.py:111] - Logs directory: /home/alex/Moringa/Project/flex-It/backend/logs
2026-05-26 23:57:13 - app - INFO - [logging_config.py:112] - ==================================================
2026-05-26 23:57:14 - werkzeug - WARNING - [_internal.py:97] -  * Debugger is active!
2026-05-26 23:57:18 - app - INFO - [logging_config.py:109] - ==================================================
2026-05-26 23:57:18 - app - INFO - [logging_config.py:110] - Logging configured successfully
2026-05-26 23:57:18 - app - INFO - [logging_config.py:111] - Logs directory: /home/alex/Moringa/Project/flex-It/backend/logs
2026-05-26 23:57:18 - app - INFO - [logging_config.py:112] - ==================================================
2026-05-26 23:57:19 - werkzeug - WARNING - [_internal.py:97] -  * Debugger is active!
2026-05-26 23:57:22 - app - INFO - [logging_config.py:109] - ==================================================
2026-05-26 23:57:22 - app - INFO - [logging_config.py:110] - Logging configured successfully
2026-05-26 23:57:22 - app - INFO - [logging_config.py:111] - Logs directory: /home/alex/Moringa/Project/flex-It/backend/logs
2026-05-26 23:57:22 - app - INFO - [logging_config.py:112] - ==================================================
2026-05-26 23:57:22 - werkzeug - WARNING - [_internal.py:97] -  * Debugger is active!
2026-05-26 23:57:25 - app - INFO - [logging_config.py:109] - ==================================================
2026-05-26 23:57:25 - app - INFO - [logging_config.py:110] - Logging configured successfully
2026-05-26 23:57:25 - app - INFO - [logging_config.py:111] - Logs directory: /home/alex/Moringa/Project/flex-It/backend/logs
2026-05-26 23:57:25 - app - INFO - [logging_config.py:112] - ==================================================
2026-05-26 23:57:25 - werkzeug - WARNING - [_internal.py:97] -  * Debugger is active!
2026-05-26 23:57:28 - app - INFO - [logging_config.py:109] - ==================================================
2026-05-26 23:57:28 - app - INFO - [logging_config.py:110] - Logging configured successfully
2026-05-26 23:57:28 - app - INFO - [logging_config.py:111] - Logs directory: /home/alex/Moringa/Project/flex-It/backend/logs
2026-05-26 23:57:28 - app - INFO - [logging_config.py:112] - ==================================================
2026-05-26 23:57:29 - werkzeug - WARNING - [_internal.py:97] -  * Debugger is active!
2026-05-26 23:58:25 - app - INFO - [logging_config.py:109] - ==================================================
2026-05-26 23:58:25 - app - INFO - [logging_config.py:110] - Logging configured successfully
2026-05-26 23:58:25 - app - INFO - [logging_config.py:111] - Logs directory: /home/alex/Moringa/Project/flex-It/backend/logs
2026-05-26 23:58:25 - app - INFO - [logging_config.py:112] - ==================================================
2026-05-26 23:58:25 - werkzeug - WARNING - [_internal.py:97] -  * Debugger is active!
2026-05-26 23:58:28 - app - INFO - [logging_config.py:109] - ==================================================
2026-05-26 23:58:28 - app - INFO - [logging_config.py:110] - Logging configured successfully
2026-05-26 23:58:28 - app - INFO - [logging_config.py:111] - Logs directory: /home/alex/Moringa/Project/flex-It/backend/logs
2026-05-26 23:58:28 - app - INFO - [logging_config.py:112] - ==================================================
2026-05-26 23:58:29 - werkzeug - WARNING - [_internal.py:97] -  * Debugger is active!
2026-05-26 23:58:33 - app - INFO - [logging_config.py:109] - ==================================================
2026-05-26 23:58:33 - app - INFO - [logging_config.py:110] - Logging configured successfully
2026-05-26 23:58:33 - app - INFO - [logging_config.py:111] - Logs directory: /home/alex/Moringa/Project/flex-It/backend/logs
2026-05-26 23:58:33 - app - INFO - [logging_config.py:112] - ==================================================
2026-05-26 23:58:33 - werkzeug - WARNING - [_internal.py:97] -  * Debugger is active!
2026-05-26 23:58:36 - app - INFO - [logging_config.py:109] - ==================================================
2026-05-26 23:58:36 - app - INFO - [logging_config.py:110] - Logging configured successfully
2026-05-26 23:58:36 - app - INFO - [logging_config.py:111] - Logs directory: /home/alex/Moringa/Project/flex-It/backend/logs
2026-05-26 23:58:36 - app - INFO - [logging_config.py:112] - ==================================================
2026-05-26 23:58:37 - werkzeug - WARNING - [_internal.py:97] -  * Debugger is active!
2026-05-26 23:58:41 - app - INFO - [logging_config.py:109] - ==================================================
2026-05-26 23:58:41 - app - INFO - [logging_config.py:110] - Logging configured successfully
2026-05-26 23:58:41 - app - INFO - [logging_config.py:111] - Logs directory: /home/alex/Moringa/Project/flex-It/backend/logs
2026-05-26 23:58:41 - app - INFO - [logging_config.py:112] - ==================================================
2026-05-26 23:58:41 - werkzeug - WARNING - [_internal.py:97] -  * Debugger is active!
2026-05-26 23:58:44 - app - INFO - [logging_config.py:109] - ==================================================
2026-05-26 23:58:44 - app - INFO - [logging_config.py:110] - Logging configured successfully
2026-05-26 23:58:44 - app - INFO - [logging_config.py:111] - Logs directory: /home/alex/Moringa/Project/flex-It/backend/logs
2026-05-26 23:58:44 - app - INFO - [logging_config.py:112] - ==================================================
2026-05-26 23:58:44 - werkzeug - WARNING - [_internal.py:97] -  * Debugger is active!
2026-05-26 23:58:49 - app - INFO - [logging_config.py:109] - ==================================================
2026-05-26 23:58:49 - app - INFO - [logging_config.py:110] - Logging configured successfully
2026-05-26 23:58:49 - app - INFO - [logging_config.py:111] - Logs directory: /home/alex/Moringa/Project/flex-It/backend/logs
2026-05-26 23:58:49 - app - INFO - [logging_config.py:112] - ==================================================
2026-05-26 23:58:50 - werkzeug - WARNING - [_internal.py:97] -  * Debugger is active!
2026-05-26 23:59:25 - app - INFO - [logging_config.py:109] - ==================================================
2026-05-26 23:59:25 - app - INFO - [logging_config.py:110] - Logging configured successfully
2026-05-26 23:59:25 - app - INFO - [logging_config.py:111] - Logs directory: /home/alex/Moringa/Project/flex-It/backend/logs
2026-05-26 23:59:25 - app - INFO - [logging_config.py:112] - ==================================================
2026-05-26 23:59:25 - werkzeug - WARNING - [_internal.py:97] -  * Debugger is active!
2026-05-26 23:59:31 - app - INFO - [logging_config.py:109] - ==================================================
2026-05-26 23:59:31 - app - INFO - [logging_config.py:110] - Logging configured successfully
2026-05-26 23:59:31 - app - INFO - [logging_config.py:111] - Logs directory: /home/alex/Moringa/Project/flex-It/backend/logs
2026-05-26 23:59:31 - app - INFO - [logging_config.py:112] - ==================================================
2026-05-26 23:59:32 - werkzeug - WARNING - [_internal.py:97] -  * Debugger is active!
2026-05-26 23:59:41 - app - INFO - [logging_config.py:109] - ==================================================
2026-05-26 23:59:41 - app - INFO - [logging_config.py:110] - Logging configured successfully
2026-05-26 23:59:41 - app - INFO - [logging_config.py:111] - Logs directory: /home/alex/Moringa/Project/flex-It/backend/logs
2026-05-26 23:59:41 - app - INFO - [logging_config.py:112] - ==================================================
2026-05-26 23:59:41 - werkzeug - WARNING - [_internal.py:97] -  * Debugger is active!
2026-05-26 23:59:44 - app - INFO - [logging_config.py:109] - ==================================================
2026-05-26 23:59:44 - app - INFO - [logging_config.py:110] - Logging configured successfully
2026-05-26 23:59:44 - app - INFO - [logging_config.py:111] - Logs directory: /home/alex/Moringa/Project/flex-It/backend/logs
2026-05-26 23:59:44 - app - INFO - [logging_config.py:112] - ==================================================
2026-05-26 23:59:45 - werkzeug - WARNING - [_internal.py:97] -  * Debugger is active!
2026-05-26 23:59:52 - app - INFO - [logging_config.py:109] - ==================================================
2026-05-26 23:59:52 - app - INFO - [logging_config.py:110] - Logging configured successfully
2026-05-26 23:59:52 - app - INFO - [logging_config.py:111] - Logs directory: /home/alex/Moringa/Project/flex-It/backend/logs
2026-05-26 23:59:52 - app - INFO - [logging_config.py:112] - ==================================================
2026-05-26 23:59:53 - werkzeug - WARNING - [_internal.py:97] -  * Debugger is active!
