2026-05-28 01:20:09 - app - INFO - [logging_config.py:109] - ==================================================
2026-05-28 01:20:09 - app - INFO - [logging_config.py:110] - Logging configured successfully
2026-05-28 01:20:09 - app - INFO - [logging_config.py:111] - Logs directory: /home/alex/Moringa/Project/flex-It/backend/logs
2026-05-28 01:20:09 - app - INFO - [logging_config.py:112] - ==================================================
2026-05-28 01:20:10 - werkzeug - WARNING - [_internal.py:97] -  * Debugger is active!
2026-05-28 01:20:16 - app - INFO - [logging_config.py:109] - ==================================================
2026-05-28 01:20:16 - app - INFO - [logging_config.py:110] - Logging configured successfully
2026-05-28 01:20:16 - app - INFO - [logging_config.py:111] - Logs directory: /home/alex/Moringa/Project/flex-It/backend/logs
2026-05-28 01:20:16 - app - INFO - [logging_config.py:112] - ==================================================
2026-05-28 01:20:17 - werkzeug - WARNING - [_internal.py:97] -  * Debugger is active!
2026-05-28 01:20:25 - app - INFO - [logging_config.py:109] - ==================================================
2026-05-28 01:20:25 - app - INFO - [logging_config.py:110] - Logging configured successfully
2026-05-28 01:20:25 - app - INFO - [logging_config.py:111] - Logs directory: /home/alex/Moringa/Project/flex-It/backend/logs
2026-05-28 01:20:25 - app - INFO - [logging_config.py:112] - ==================================================
2026-05-28 01:20:25 - werkzeug - WARNING - [_internal.py:97] -  * Debugger is active!
2026-05-28 01:38:27 - app - INFO - [logging_config.py:109] - ==================================================
2026-05-28 01:38:27 - app - INFO - [logging_config.py:110] - Logging configured successfully
2026-05-28 01:38:27 - app - INFO - [logging_config.py:111] - Logs directory: /home/alex/Moringa/Project/flex-It/backend/logs
2026-05-28 01:38:27 - app - INFO - [logging_config.py:112] - ==================================================
2026-05-28 01:38:28 - werkzeug - WARNING - [_internal.py:97] -  * Debugger is active!
2026-05-28 01:42:09 - backend.app - INFO - [logging_config.py:109] - ==================================================
2026-05-28 01:42:09 - backend.app - INFO - [logging_config.py:110] - Logging configured successfully
2026-05-28 01:42:09 - backend.app - INFO - [logging_config.py:111] - Logs directory: /home/alex/Moringa/Project/flex-It/backend/logs
2026-05-28 01:42:09 - backend.app - INFO - [logging_config.py:112] - ==================================================
2026-05-28 01:42:09 - werkzeug - WARNING - [_internal.py:97] -  * Debugger is active!
